============================= test session starts ==============================
platform darwin -- Python 3.12.9, pytest-9.1.1, pluggy-1.6.0
rootdir: /Volumes/SSD1/worktrees/kojev-task-9-teacher
configfile: pyproject.toml
testpaths: tests
plugins: cov-7.1.0, anyio-4.15.1
collected 15 items

tests/test_data_aihub.py ...                                             [ 20%]
tests/test_schema.py ......                                              [ 60%]
tests/test_teacher.py ......                                             [100%]

============================== 15 passed in 0.08s ==============================
